<?xml version="1.0" encoding="utf-8"?><testsuites name="pytest tests"><testsuite name="pytest" errors="0" failures="0" skipped="0" tests="11" time="2.243" timestamp="2026-02-14T01:11:25.550545+00:00" hostname="agent-env-18058fa6-9360-4331-a74b-76a4601155a9"><testcase classname="test_reports.backend_tests.TestAuthentication" name="test_login_success" time="0.241" /><testcase classname="test_reports.backend_tests.TestAuthentication" name="test_login_invalid_credentials" time="0.005" /><testcase classname="test_reports.backend_tests.TestDashboardTests" name="test_get_tests_list" time="0.254" /><testcase classname="test_reports.backend_tests.TestDashboardTests" name="test_get_single_test_by_id" time="0.254" /><testcase classname="test_reports.backend_tests.TestDashboardTests" name="test_get_nonexistent_test" time="0.252" /><testcase classname="test_reports.backend_tests.TestSyncEndpoint" name="test_sync_new_test" time="0.255" /><testcase classname="test_reports.backend_tests.TestSyncEndpoint" name="test_sync_duplicate_detection" time="0.325" /><testcase classname="test_reports.backend_tests.TestSyncEndpoint" name="test_sync_same_url_different_timestamp" time="0.254" /><testcase classname="test_reports.backend_tests.TestDashboardStats" name="test_get_dashboard_stats" time="0.273" /><testcase classname="test_reports.backend_tests.TestUnauthorizedAccess" name="test_tests_list_unauthorized" time="0.003" /><testcase classname="test_reports.backend_tests.TestUnauthorizedAccess" name="test_sync_unauthorized" time="0.002" /></testsuite></testsuites>