<?xml version="1.0" encoding="utf-8"?><testsuites name="pytest tests"><testsuite name="pytest" errors="0" failures="0" skipped="0" tests="7" time="2.535" timestamp="2026-03-05T20:43:24.291218+00:00" hostname="agent-env-29e21d2b-5d55-4a8d-8cd9-c70411f9a886"><testcase classname="backend.tests.test_api.TestAuthAPI" name="test_login_with_valid_credentials" time="0.425" /><testcase classname="backend.tests.test_api.TestAuthAPI" name="test_login_with_invalid_credentials" time="0.106" /><testcase classname="backend.tests.test_api.TestDashboardAPI" name="test_get_dashboard_stats" time="0.426" /><testcase classname="backend.tests.test_api.TestDashboardAPI" name="test_get_dashboard_tests" time="0.435" /><testcase classname="backend.tests.test_api.TestDashboardAPI" name="test_get_dashboard_schedules" time="0.421" /><testcase classname="backend.tests.test_api.TestAnalyticsAPI" name="test_get_analytics_performance" time="0.539" /><testcase classname="backend.tests.test_api.TestAnalyticsAPI" name="test_get_dashboard_stats_unauthenticated" time="0.123" /></testsuite></testsuites>